[    0.000000] Linux version 4.15.0-197-generic (buildd@lcy02-amd64-110) (gcc version 7.5.0 (Ubuntu 7.5.0-3ubuntu1~18.04)) #208-Ubuntu SMP Tue Nov 1 17:23:37 UTC 2022 (Ubuntu 4.15.0-197.208-generic 4.15.18)
[    0.000000] Command line: BOOT_IMAGE=/boot/vmlinuz-4.15.0-197-generic root=LABEL=cloudimg-rootfs ro console=tty1 console=ttyS0
[    0.000000] KERNEL supported cpus:
[    0.000000]   Intel GenuineIntel
[    0.000000]   AMD AuthenticAMD
[    0.000000]   Centaur CentaurHauls
[    0.000000] x86/fpu: Supporting XSAVE feature 0x001:  floating point registers'
[    0.000000] x86/fpu: Supporting XSAVE feature 0x002: 'SSE registers'
[    0.000000] x86/fpu: Supporting XSAVE feature 0x004: 'AVX registers'
[    0.000000] x86/fpu: xstate_offset[2]:  576, xstate_sizes[2]:  256
[    0.000000] x86/fpu: Enabled xstate features 0x7, context size is 832 bytes, using 'standard' format.
[    0.000000] e820: BIOS-provided physical RAM map:
[    0.000000] BIOS-e820: [mem 0x0000000000000000-0x000000000009fbff] usable
[    0.000000] BIOS-e820: [mem 0x000000000009fc00-0x000000000009ffff] reserved
[    0.000000] BIOS-e820: [mem 0x00000000000f0000-0x00000000000fffff] reserved
[    0.000000] BIOS-e820: [mem 0x0000000000100000-0x000000003ffeffff] usable
[    0.000000] BIOS-e820: [mem 0x000000003fff0000-0x000000003fffffff] ACPI data
[    0.000000] BIOS-e820: [mem 0x00000000fec00000-0x00000000fec00fff] reserved
[    0.000000] BIOS-e820: [mem 0x00000000fee00000-0x00000000fee00fff] reserved
[    0.000000] BIOS-e820: [mem 0x00000000fffc0000-0x00000000ffffffff] reserved
[    0.000000] NX (Execute Disable) protection: active
[    0.000000] SMBIOS 2.5 present.
[    0.000000] DMI: innotek GmbH VirtualBox/VirtualBox, BIOS VirtualBox 12/01/2006
[    0.000000] Hypervisor detected: KVM
[    0.000000] e820: last_pfn = 0x3fff0 max_arch_pfn = 0x400000000
[    0.000000] MTRR: Disabled
[    0.000000] x86/PAT: MTRRs disabled, skipping PAT initialization too.
[    0.000000] CPU MTRRs all blank - virtualized system.
[    0.000000] x86/PAT: Configuration [0-7]: WB  WT  UC- UC  WB  WT  UC- UC  
[    0.000000] found SMP MP-table at [mem 0x0009fff0-0x0009ffff]
[    0.000000] Scanning 1 areas for low memory corruption
[    0.000000] RAMDISK: [mem 0x359c7000-0x36cdafff]
[    0.000000] ACPI: Early table checksum verification disabled
[    0.000000] ACPI: RSDP 0x00000000000E0000 000024 (v02 VBOX  )
[    0.000000] ACPI: XSDT 0x000000003FFF0030 00003C (v01 VBOX   VBOXXSDT 00000001 ASL  00000061)
[    0.000000] ACPI: FACP 0x000000003FFF00F0 0000F4 (v04 VBOX   VBOXFACP 00000001 ASL  00000061)
[    0.000000] ACPI: DSDT 0x000000003FFF0610 002353 (v02 VBOX   VBOXBIOS 00000002 INTL 20100528)
[    0.000000] ACPI: FACS 0x000000003FFF0200 000040
[    0.000000] ACPI: FACS 0x000000003FFF0200 000040
[    0.000000] ACPI: APIC 0x000000003FFF0240 00005C (v02 VBOX   VBOXAPIC 00000001 ASL  00000061)
[    0.000000] ACPI: SSDT 0x000000003FFF02A0 00036C (v01 VBOX   VBOXCPUT 00000002 INTL 20100528)
[    0.000000] ACPI: Reserving FACP table memory at [mem 0x3fff00f0-0x3fff01e3]
[    0.000000] ACPI: Reserving DSDT table memory at [mem 0x3fff0610-0x3fff2962]
[    0.000000] ACPI: Reserving FACS table memory at [mem 0x3fff0200-0x3fff023f]
[    0.000000] ACPI: Reserving FACS table memory at [mem 0x3fff0200-0x3fff023f]
[    0.000000] ACPI: Reserving APIC table memory at [mem 0x3fff0240-0x3fff029b]
[    0.000000] ACPI: Reserving SSDT table memory at [mem 0x3fff02a0-0x3fff060b]
[    0.000000] No NUMA configuration found
[    0.000000] Faking a node at [mem 0x0000000000000000-0x000000003ffeffff]
[    0.000000] NODE_DATA(0) allocated [mem 0x3ffc5000-0x3ffeffff]
[    0.000000] kvm-clock: cpu 0, msr 0:3ff44001, primary cpu clock
[    0.000000] kvm-clock: Using msrs 4b564d01 and 4b564d00
[    0.000000] kvm-clock: using sched offset of 3953799377 cycles
[    0.000000] clocksource: kvm-clock: mask: 0xffffffffffffffff max_cycles: 0x1cd42e4dffb, max_idle_ns: 881590591483 ns
[    0.000000] Zone ranges:
[    0.000000]   DMA      [mem 0x0000000000001000-0x0000000000ffffff]
[    0.000000]   DMA32    [mem 0x0000000001000000-0x000000003ffeffff]
[    0.000000]   Normal   empty
[    0.000000]   Device   empty
[    0.000000] Movable zone start for each node
[    0.000000] Early memory node ranges
[    0.000000]   node   0: [mem 0x0000000000001000-0x000000000009efff]
[    0.000000]   node   0: [mem 0x0000000000100000-0x000000003ffeffff]
[    0.000000] Reserved but unavailable: 104 pages
[    0.000000] Initmem setup node 0 [mem 0x0000000000001000-0x000000003ffeffff]
[    0.000000] ACPI: PM-Timer IO Port: 0x4008
[    0.000000] IOAPIC[0]: apic_id 2, version 32, address 0xfec00000, GSI 0-23
[    0.000000] ACPI: INT_SRC_OVR (bus 0 bus_irq 0 global_irq 2 dfl dfl)
[    0.000000] ACPI: INT_SRC_OVR (bus 0 bus_irq 9 global_irq 9 low level)
[    0.000000] Using ACPI (MADT) for SMP configuration information
[    0.000000] smpboot: Allowing 2 CPUs, 0 hotplug CPUs
[    0.000000] PM: Registered nosave memory: [mem 0x00000000-0x00000fff]
[    0.000000] PM: Registered nosave memory: [mem 0x0009f000-0x0009ffff]
[    0.000000] PM: Registered nosave memory: [mem 0x000a0000-0x000effff]
[    0.000000] PM: Registered nosave memory: [mem 0x000f0000-0x000fffff]
[    0.000000] e820: [mem 0x40000000-0xfebfffff] available for PCI devices
[    0.000000] Booting paravirtualized kernel on KVM
[    0.000000] clocksource: refined-jiffies: mask: 0xffffffff max_cycles: 0xffffffff, max_idle_ns: 7645519600211568 ns
[    0.000000] setup_percpu: NR_CPUS:8192 nr_cpumask_bits:2 nr_cpu_ids:2 nr_node_ids:1
[    0.000000] percpu: Embedded 50 pages/cpu s167936 r8192 d28672 u1048576
[    0.000000] PV qspinlock hash table entries: 256 (order: 0, 4096 bytes)
[    0.000000] Built 1 zonelists, mobility grouping on.  Total pages: 257913
[    0.000000] Policy zone: DMA32
[    0.000000] Kernel command line: BOOT_IMAGE=/boot/vmlinuz-4.15.0-197-generic root=LABEL=cloudimg-rootfs ro console=tty1 console=ttyS0
[    0.000000] Memory: 982644K/1048120K available (12300K kernel code, 2477K rwdata, 4320K rodata, 2472K init, 2720K bss, 65476K reserved, 0K cma-reserved)
[    0.000000] SLUB: HWalign=64, Order=0-3, MinObjects=0, CPUs=2, Nodes=1
[    0.000000] Kernel/User page tables isolation: enabled
[    0.000000] ftrace: allocating 39478 entries in 155 pages
[    0.004000] Hierarchical RCU implementation.
[    0.004000] 	RCU restricting CPUs from NR_CPUS=8192 to nr_cpu_ids=2.
[    0.004000] 	Tasks RCU enabled.
[    0.004000] RCU: Adjusting geometry for rcu_fanout_leaf=16, nr_cpu_ids=2
[    0.004000] NR_IRQS: 524544, nr_irqs: 440, preallocated irqs: 16
[    0.004000] random: crng init done
[    0.004000] Console: colour VGA+ 80x25
[    0.004000] console [tty1] enabled
[    0.004000] console [ttyS0] enabled
[    0.004000] ACPI: Core revision 20170831
[    0.004000] ACPI: 2 ACPI AML tables successfully acquired and loaded
[    0.004000] APIC: Switch to symmetric I/O mode setup
[    0.004000] x2apic enabled
[    0.004000] Switched APIC routing to physical x2apic.
[    0.005492] ..TIMER: vector=0x30 apic1=0 pin1=2 apic2=-1 pin2=-1
[    0.008004] tsc: Detected 2096.966 MHz processor
[    0.009572] Calibrating delay loop (skipped) preset value.. 4193.93 BogoMIPS (lpj=8387864)
[    0.012005] pid_max: default: 32768 minimum: 301
[    0.013615] Security Framework initialized
[    0.015038] Yama: becoming mindful.
[    0.016030] AppArmor: AppArmor initialized
[    0.018428] Dentry cache hash table entries: 131072 (order: 8, 1048576 bytes)
[    0.020089] Inode-cache hash table entries: 65536 (order: 7, 524288 bytes)
[    0.024017] Mount-cache hash table entries: 2048 (order: 2, 16384 bytes)
[    0.026238] Mountpoint-cache hash table entries: 2048 (order: 2, 16384 bytes)
[    0.028356] Last level iTLB entries: 4KB 64, 2MB 8, 4MB 8
[    0.030183] Last level dTLB entries: 4KB 64, 2MB 0, 4MB 0, 1GB 4
[    0.032005] Spectre V1 : Mitigation: usercopy/swapgs barriers and __user pointer sanitization
[    0.036004] Spectre V2 : Mitigation: Retpolines
[    0.037564] Spectre V2 : Spectre v2 / SpectreRSB mitigation: Filling RSB on context switch
[    0.040005] Speculative Store Bypass: Vulnerable
[    0.041667] MDS: Mitigation: Clear CPU buffers
[    0.044004] SRBDS: Unknown: Dependent on hypervisor status
[    0.046045] Freeing SMP alternatives memory: 36K
[    0.160000] smpboot: CPU0: Intel(R) Core(TM) i3-5010U CPU @ 2.10GHz (family: 0x6, model: 0x3d, stepping: 0x4)
[    0.160000] Performance Events: unsupported p6 CPU model 61 no PMU driver, software events only.
[    0.160046] Hierarchical SRCU implementation.
[    0.164054] NMI watchdog: Perf event create on CPU 0 failed with -2
[    0.166170] NMI watchdog: Perf NMI watchdog permanently disabled
[    0.168065] smp: Bringing up secondary CPUs ...
[    0.169737] x86: Booting SMP configuration:
[    0.172004] .... node  #0, CPUs:      #1
[    0.004000] kvm-clock: cpu 1, msr 0:3ff44041, secondary cpu clock
[    0.252690] smp: Brought up 1 node, 2 CPUs
[    0.256008] smpboot: Max logical packages: 1
[    0.257564] smpboot: Total of 2 processors activated (8387.86 BogoMIPS)
[    0.260600] devtmpfs: initialized
[    0.261885] x86/mm: Memory block size: 128MB
[    0.263608] evm: security.selinux
[    0.264007] evm: security.SMACK64
[    0.265319] evm: security.SMACK64EXEC
[    0.268006] evm: security.SMACK64TRANSMUTE
[    0.269514] evm: security.SMACK64MMAP
[    0.270916] evm: security.apparmor
[    0.272000] evm: security.ima
[    0.272005] evm: security.capability
[    0.276277] clocksource: jiffies: mask: 0xffffffff max_cycles: 0xffffffff, max_idle_ns: 7645041785100000 ns
[    0.279579] futex hash table entries: 512 (order: 3, 32768 bytes)
[    0.279579] pinctrl core: initialized pinctrl subsystem
[    0.279579] RTC time:  4:04:55, date: 11/23/22
[    0.280135] NET: Registered protocol family 16
[    0.281864] audit: initializing netlink subsys (disabled)
[    0.284267] audit: type=2000 audit(1669176300.721:1): state=initialized audit_enabled=0 res=1
[    0.288099] cpuidle: using governor ladder
[    0.289545] cpuidle: using governor menu
[    0.290982] ACPI: bus type PCI registered
[    0.292004] acpiphp: ACPI Hot Plug PCI Controller Driver version: 0.5
[    0.294300] PCI: Using configuration type 1 for base access
[    0.298342] HugeTLB registered 2.00 MiB page size, pre-allocated 0 pages
[    0.302249] ACPI: Added _OSI(Module Device)
[    0.304004] ACPI: Added _OSI(Processor Device)
[    0.305913] ACPI: Added _OSI(3.0 _SCP Extensions)
[    0.308004] ACPI: Added _OSI(Processor Aggregator Device)
[    0.309844] ACPI: Added _OSI(Linux-Dell-Video)
[    0.311530] ACPI: Added _OSI(Linux-Lenovo-NV-HDMI-Audio)
[    0.312005] ACPI: Added _OSI(Linux-HPI-Hybrid-Graphics)
[    0.316114] ACPI: Executed 1 blocks of module-level executable AML code
[    0.323048] ACPI: Interpreter enabled
[    0.324019] ACPI: (supports S0 S5)
[    0.325235] ACPI: Using IOAPIC for interrupt routing
[    0.328000] PCI: Using host bridge windows from ACPI; if necessary, use "pci=nocrs" and report a bug
[    0.332258] ACPI: Enabled 2 GPEs in block 00 to 07
[    0.343038] ACPI: PCI Root Bridge [PCI0] (domain 0000 [bus 00-ff])
[    0.344013] acpi PNP0A03:00: _OSC: OS supports [ASPM ClockPM Segments MSI]
[    0.348382] acpi PNP0A03:00: _OSC: not requesting OS control; OS requires [ExtendedConfig ASPM ClockPM MSI]
[    0.352020] acpi PNP0A03:00: fail to add MMCONFIG information, can't access extended PCI configuration space under this bridge.
[    0.356608] PCI host bridge to bus 0000:00
[    0.358052] pci_bus 0000:00: root bus resource [io  0x0000-0x0cf7 window]
[    0.360005] pci_bus 0000:00: root bus resource [io  0x0d00-0xffff window]
[    0.362283] pci_bus 0000:00: root bus resource [mem 0x000a0000-0x000bffff window]
[    0.364005] pci_bus 0000:00: root bus resource [mem 0x40000000-0xfdffffff window]
[    0.368005] pci_bus 0000:00: root bus resource [bus 00-ff]
[    0.374523] pci 0000:00:01.1: legacy IDE quirk: reg 0x10: [io  0x01f0-0x01f7]
[    0.376005] pci 0000:00:01.1: legacy IDE quirk: reg 0x14: [io  0x03f6]
[    0.378189] pci 0000:00:01.1: legacy IDE quirk: reg 0x18: [io  0x0170-0x0177]
[    0.380005] pci 0000:00:01.1: legacy IDE quirk: reg 0x1c: [io  0x0376]
[    0.410566] pci 0000:00:07.0: quirk: [io  0x4000-0x403f] claimed by PIIX4 ACPI
[    0.412340] pci 0000:00:07.0: quirk: [io  0x4100-0x410f] claimed by PIIX4 SMB
[    0.428497] ACPI: PCI Interrupt Link [LNKA] (IRQs 5 9 10 *11)
[    0.431096] ACPI: PCI Interrupt Link [LNKB] (IRQs 5 9 *10 11)
[    0.432172] ACPI: PCI Interrupt Link [LNKC] (IRQs 5 *9 10 11)
[    0.434537] ACPI: PCI Interrupt Link [LNKD] (IRQs 5 9 10 *11)
[    0.436499] SCSI subsystem initialized
[    0.438376] pci 0000:00:02.0: vgaarb: setting as boot VGA device
[    0.440000] pci 0000:00:02.0: vgaarb: VGA device added: decodes=io+mem,owns=io+mem,locks=none
[    0.444010] pci 0000:00:02.0: vgaarb: bridge control possible
[    0.448006] vgaarb: loaded
[    0.449244] ACPI: bus type USB registered
[    0.450844] usbcore: registered new interface driver usbfs
[    0.452026] usbcore: registered new interface driver hub
[    0.453863] usbcore: registered new device driver usb
[    0.456551] EDAC MC: Ver: 3.0.0
[    0.458759] PCI: Using ACPI for IRQ routing
[    0.460378] NetLabel: Initializing
[    0.462599] NetLabel:  domain hash size = 128
[    0.464004] NetLabel:  protocols = UNLABELED CIPSOv4 CALIPSO
[    0.465977] NetLabel:  unlabeled traffic allowed by default
[    0.508619] clocksource: Switched to clocksource kvm-clock
[    0.525532] VFS: Disk quotas dquot_6.6.0
[    0.527211] VFS: Dquot-cache hash table entries: 512 (order 0, 4096 bytes)
[    0.529847] AppArmor: AppArmor Filesystem Enabled
[    0.531528] pnp: PnP ACPI init
[    0.534532] pnp: PnP ACPI: found 3 devices
[    0.548221] clocksource: acpi_pm: mask: 0xffffff max_cycles: 0xffffff, max_idle_ns: 2085701024 ns
[    0.552142] NET: Registered protocol family 2
[    0.553751] IP idents hash table entries: 16384 (order: 5, 131072 bytes)
[    0.556708] TCP established hash table entries: 8192 (order: 4, 65536 bytes)
[    0.559998] TCP bind hash table entries: 8192 (order: 5, 131072 bytes)
[    0.562360] TCP: Hash tables configured (established 8192 bind 8192)
[    0.564573] UDP hash table entries: 512 (order: 2, 16384 bytes)
[    0.566600] UDP-Lite hash table entries: 512 (order: 2, 16384 bytes)
[    0.568835] NET: Registered protocol family 1
[    0.570570] pci 0000:00:00.0: Limiting direct PCI/PCI transfers
[    0.572676] pci 0000:00:01.0: Activating ISA DMA hang workarounds
[    0.574884] pci 0000:00:02.0: Video device with shadowed ROM at [mem 0x000c0000-0x000dffff]
[    0.578059] Unpacking initramfs...
[    1.005600] Freeing initrd memory: 19536K
[    1.007174] clocksource: tsc: mask: 0xffffffffffffffff max_cycles: 0x1e39fe3f440, max_idle_ns: 440795213280 ns
[    1.011179] platform rtc_cmos: registered platform RTC device (no PNP device found)
[    1.013929] Scanning for low memory corruption every 60 seconds
[    1.017873] Initialise system trusted keyrings
[    1.019476] Key type blacklist registered
[    1.021429] workingset: timestamp_bits=36 max_order=18 bucket_order=0
[    1.025132] zbud: loaded
[    1.027124] squashfs: version 4.0 (2009/01/31) Phillip Lougher
[    1.029444] fuse init (API version 7.26)
[    1.047197] Key type asymmetric registered
[    1.048795] Asymmetric key parser 'x509' registered
[    1.050527] Block layer SCSI generic (bsg) driver version 0.4 loaded (major 246)
[    1.053658] io scheduler noop registered
[    1.055047] io scheduler deadline registered
[    1.056715] io scheduler cfq registered (default)
[    1.058794] ACPI: AC Adapter [AC] (on-line)
[    1.060842] input: Power Button as /devices/LNXSYSTM:00/LNXPWRBN:00/input/input0
[    1.063962] ACPI: Power Button [PWRF]
[    1.065470] input: Sleep Button as /devices/LNXSYSTM:00/LNXSLPBN:00/input/input1
[    1.068142] ACPI: Sleep Button [SLPF]
[    1.071467] ACPI: Battery Slot [BAT0] (battery present)
[    1.072442] Serial: 8250/16550 driver, 32 ports, IRQ sharing enabled
[    1.120938] 00:02: ttyS0 at I/O 0x3f8 (irq = 4, base_baud = 115200) is a 16550A
[    1.125756] Linux agpgart interface v0.103
[    1.129559] loop: module loaded
[    1.131830] scsi host0: ata_piix
[    1.134144] scsi host1: ata_piix
[    1.135764] ata1: PATA max UDMA/33 cmd 0x1f0 ctl 0x3f6 bmdma 0xd000 irq 14
[    1.138265] ata2: PATA max UDMA/33 cmd 0x170 ctl 0x376 bmdma 0xd008 irq 15
[    1.142251] tun: Universal TUN/TAP device driver, 1.6
[    1.144302] PPP generic driver version 2.4.2
[    1.145853] ehci_hcd: USB 2.0 'Enhanced' Host Controller (EHCI) Driver
[    1.148750] ehci-pci: EHCI PCI platform driver
[    1.150323] ehci-platform: EHCI generic platform driver
[    1.152173] ohci_hcd: USB 1.1 'Open' Host Controller (OHCI) Driver
[    1.154317] ohci-pci: OHCI PCI platform driver
[    1.155974] ohci-platform: OHCI generic platform driver
[    1.157904] uhci_hcd: USB Universal Host Controller Interface driver
[    1.160191] i8042: PNP: PS/2 Controller [PNP0303:PS2K,PNP0f03:PS2M] at 0x60,0x64 irq 1,12
[    1.164040] serio: i8042 KBD port at 0x60,0x64 irq 1
[    1.165937] serio: i8042 AUX port at 0x60,0x64 irq 12
[    1.167786] mousedev: PS/2 mouse device common for all mice
[    1.170609] input: AT Translated Set 2 keyboard as /devices/platform/i8042/serio0/input/input2
[    1.173999] rtc_cmos rtc_cmos: rtc core: registered rtc_cmos as rtc0
[    1.174070] rtc_cmos rtc_cmos: alarms up to one day, 114 bytes nvram
[    1.174080] i2c /dev entries driver
[    1.174144] device-mapper: uevent: version 1.0.3
[    1.174204] device-mapper: ioctl: 4.37.0-ioctl (2017-09-20) initialised: dm-devel@redhat.com
[    1.185246] ledtrig-cpu: registered to indicate activity on CPUs
[    1.187936] NET: Registered protocol family 10
[    1.194518] Segment Routing with IPv6
[    1.195932] NET: Registered protocol family 17
[    1.197575] Key type dns_resolver registered
[    1.200557] mce: Using 0 MCE banks
[    1.201809] RAS: Correctable Errors collector initialized.
[    1.203748] sched_clock: Marking stable (1200231572, 0)->(1780681526, -580449954)
[    1.280640] registered taskstats version 1
[    1.282132] Loading compiled-in X.509 certificates
[    1.287716] Loaded X.509 cert 'Build time autogenerated kernel key: ffc9dd3886e7b6bb89620497cc57c4262b59bc54'
[    1.292240] Loaded X.509 cert 'Canonical Ltd. Live Patch Signing: 14df34d1a87cf37625abec039ef2bf521249b969'
[    1.296943] Loaded X.509 cert 'Canonical Ltd. Kernel Module Signing: 88f752e560a1e0737e31163a466ad7b70a850c19'
[    1.300335] blacklist: Loading compiled-in revocation X.509 certificates
[    1.326470] Loaded X.509 cert 'Canonical Ltd. Secure Boot Signing: 61482aa2830d0ab2ad5af10b7250da9033ddcef0'
[    1.329959] zswap: loaded using pool lzo/zbud
[    1.339509] Key type big_key registered
[    1.340960] Key type trusted registered
[    1.347917] Key type encrypted registered
[    1.349429] AppArmor: AppArmor sha1 policy hashing enabled
[    1.351526] ima: No TPM chip found, activating TPM-bypass! (rc=-19)
[    1.353773] ima: Allocated hash algorithm: sha1
[    1.355352] evm: HMAC attrs: 0x1
[    1.357202]   Magic number: 14:693:60
[    1.358665] rtc_cmos rtc_cmos: setting system clock to 2022-11-23 04:04:56 UTC (1669176296)
[    1.362178] BIOS EDD facility v0.16 2004-Jun-25, 0 devices found
[    1.364211] EDD information not available.
[    1.369168] Freeing unused kernel image memory: 2472K
[    1.404984] Write protecting the kernel read-only data: 20480k
[    1.407965] Freeing unused kernel image memory: 2008K
[    1.410305] Freeing unused kernel image memory: 1824K
[    1.420830] x86/mm: Checked W+X mappings: passed, no W+X pages found.
[    1.423026] x86/mm: Checking user space page tables
[    1.444275] x86/mm: Checked W+X mappings: passed, no W+X pages found.
Loading, please wait...
starting version 237
[    1.895219] Fusion MPT base driver 3.04.20
[    1.927355] Copyright (c) 1999-2008 LSI Corporation
[    2.391372] e1000: Intel(R) PRO/1000 Network Driver - version 7.3.21-k8-NAPI
[    2.396353] e1000: Copyright (c) 1999-2006 Intel Corporation.
[    3.738111] e1000 0000:00:03.0 eth0: (PCI:33MHz:32-bit) 02:a6:12:9f:2a:1a
[    3.740491] e1000 0000:00:03.0 eth0: Intel(R) PRO/1000 Network Connection
[    4.195721] e1000 0000:00:03.0 enp0s3: renamed from eth0
[    5.296024] AVX2 version of gcm_enc/dec engaged.
[    5.297841] AES CTR mode by8 optimization enabled
[    5.480529] input: ImExPS/2 Generic Explorer Mouse as /devices/platform/i8042/serio1/input/input4
[    5.529839] Fusion MPT SPI Host driver 3.04.20
[    5.533466] mptbase: ioc0: Initiating bringup
[    5.820697] ioc0: LSI53C1030 A0: Capabilities={Initiator}
[    6.065925] scsi host2: ioc0: LSI53C1030 A0, FwRev=00000000h, Ports=1, MaxQ=256, IRQ=20
[    6.241139] scsi 2:0:0:0: Direct-Access     VBOX     HARDDISK         1.0  PQ: 0 ANSI: 5
[    6.272640] scsi target2:0:0: Beginning Domain Validation
[    6.276290] scsi target2:0:0: Domain Validation skipping write tests
[    6.278552] scsi target2:0:0: Ending Domain Validation
[    6.280720] scsi target2:0:0: asynchronous
[    6.282843] scsi 2:0:1:0: Direct-Access     VBOX     HARDDISK         1.0  PQ: 0 ANSI: 5
[    6.323013] scsi target2:0:1: Beginning Domain Validation
[    6.326592] scsi target2:0:1: Domain Validation skipping write tests
[    6.331198] scsi target2:0:1: Ending Domain Validation
[    6.334482] scsi target2:0:1: asynchronous
[    6.342113] sd 2:0:0:0: [sda] 83886080 512-byte logical blocks: (42.9 GB/40.0 GiB)
[    6.344967] sd 2:0:0:0: [sda] Write Protect is off
[    6.346743] sd 2:0:0:0: [sda] Incomplete mode parameter data
[    6.349579] sd 2:0:0:0: [sda] Assuming drive cache: write through
[    6.353204] sd 2:0:0:0: Attached scsi generic sg0 type 0
[    6.356101] sd 2:0:1:0: [sdb] 20480 512-byte logical blocks: (10.5 MB/10.0 MiB)
[    6.358700] sd 2:0:1:0: [sdb] Write Protect is off
[    6.360500] sd 2:0:1:0: [sdb] Incomplete mode parameter data
[    6.362611] sd 2:0:1:0: [sdb] Assuming drive cache: write through
[    6.366651] sd 2:0:1:0: Attached scsi generic sg1 type 0
[    6.461439]  sda: sda1
[    6.463253] sd 2:0:0:0: [sda] Attached SCSI disk
[    6.473715] sd 2:0:1:0: [sdb] Attached SCSI disk
Begin: Loading essential drivers ... [    9.472214] raid6: sse2x1   gen()  6646 MB/s
[    9.520985] raid6: sse2x1   xor()  4669 MB/s
[    9.568055] raid6: sse2x2   gen()  6598 MB/s
[    9.616618] raid6: sse2x2   xor()  4970 MB/s
[    9.664419] raid6: sse2x4   gen()  9042 MB/s
[    9.712185] raid6: sse2x4   xor()  5811 MB/s
[    9.760049] raid6: avx2x1   gen() 12122 MB/s
[    9.808770] raid6: avx2x1   xor()  8532 MB/s
[    9.856557] raid6: avx2x2   gen() 14245 MB/s
[    9.904072] raid6: avx2x2   xor()  8408 MB/s
[    9.955978] raid6: avx2x4   gen() 14130 MB/s
[   10.004173] raid6: avx2x4   xor()  6910 MB/s
[   10.006552] raid6: using algorithm avx2x2 gen() 14245 MB/s
[   10.009093] raid6: .... xor() 8408 MB/s, rmw enabled
[   10.015332] raid6: using avx2x2 recovery algorithm
[   10.041644] xor: automatically using best checksumming function   avx       
[   10.134813] async_tx: api initialized (async)
done.
Begin: Running /scripts/init-premount ... done.
Begin: Mounting root file system ... Begin: Running /scripts/local-top ... done.
Begin: Running /scripts/local-premount ... [   10.397727] Btrfs loaded, crc32c=crc32c-intel
Scanning for Btrfs filesystems
done.
Warning: fsck not present, so skipping root file system
[   10.668796] EXT4-fs (sda1): mounted filesystem with ordered data mode. Opts: (null)
done.
Begin: Running /scripts/local-bottom ... done.
Begin: Running /scripts/init-bottom ... done.
[   11.618304] ip_tables: (C) 2000-2006 Netfilter Core Team
[   11.643787] systemd[1]: systemd 237 running in system mode. (+PAM +AUDIT +SELINUX +IMA +APPARMOR +SMACK +SYSVINIT +UTMP +LIBCRYPTSETUP +GCRYPT +GNUTLS +ACL +XZ +LZ4 +SECCOMP +BLKID +ELFUTILS +KMOD -IDN2 +IDN -PCRE2 default-hierarchy=hybrid)
[   11.651334] systemd[1]: Detected virtualization oracle.
[   11.653319] systemd[1]: Detected architecture x86-64.

Welcome to [1mUbuntu 18.04.6 LTS[0m!

[   11.683248] systemd[1]: Set hostname to <ubuntu>.
[   11.693191] systemd[1]: Initializing machine ID from random generator.
[   11.695725] systemd[1]: Installed transient /etc/machine-id file.
[   13.608240] systemd[1]: Started Forward Password Requests to Wall Directory Watch.
[[0;32m  OK  [0m] Started Forward Password Requests to Wall Directory Watch.
[   13.623771] systemd[1]: Created slice User and Session Slice.
[[0;32m  OK  [0m] Created slice User and Session Slice.
[   13.628134] systemd[1]: Created slice System Slice.
[[0;32m  OK  [0m] Created slice System Slice.
[   13.631497] systemd[1]: Listening on Network Service Netlink Socket.
[[0;32m  OK  [0m] Listening on Network Service Netlink Socket.
[[0;32m  OK  [0m] Listening on fsck to fsckd communication Socket.
[[0;32m  OK  [0m] Listening on Syslog Socket.
[[0;32m  OK  [0m] Created slice system-serial\x2dgetty.slice.
[[0;32m  OK  [0m] Listening on Journal Socket.
         Starting Create list of required st…ce nodes for the current kernel...
         Mounting POSIX Message Queue File System...
         Starting Uncomplicated firewall...
[[0;32m  OK  [0m] Listening on Journal Audit Socket.
[[0;32m  OK  [0m] Reached target User and Group Name Lookups.
[[0;32m  OK  [0m] Listening on Device-mapper event daemon FIFOs.
         Starting Set the console keyboard layout...
         Starting Load Kernel Modules...
[[0;32m  OK  [0m] Reached target Slices.
[[0;32m  OK  [0m] Reached target System Time Synchronized.
[[0;32m  OK  [0m] Listening on udev Kernel Socket.
         Mounting Huge Pages File System...
[[0;32m  OK  [0m] Set up automount Arbitrary Executab…rmats File System Automount Point.
[   13.779647] Loading iSCSI transport class v2.0-870.
[[0;32m  OK  [0m] Listening on LVM2 metadata daemon socket.
         Starting Monitoring of LVM2 mirrors…ng dmeventd or progress polling...
[[0;32m  OK  [0m] Listening on Journal Socket (/dev/log).
         Starting Journal Service...
         Mounting Kernel Debug File System...
[[0;32m  OK  [0m] Listening on /dev/initctl Compatibility Named Pipe.
[[0;32m  OK  [0m] Listening on LVM2 poll daemon socket.
[[0;32m  OK  [0m] Reached target Swap.
[[0;32m  OK  [0m] Listening on udev Control Socket.
         Starting udev Coldplug all Devices...
         Starting File System Check on Root Device...
[[0;32m  OK  [0m] Started Create list of required sta…vice nodes for the current kernel.
[[0;32m  OK  [0m] Mounted POSIX Message Queue File System.
[[0;32m  OK  [0m] Started Uncomplicated firewall.
[[0;32m  OK  [0m] Mounted Huge Pages File System.
[[0;32m  OK  [0m] Mounted Kernel Debug File System.
         Starting Create Static Device Nodes in /dev...
[[0;32m  OK  [0m] Started File System Check Daemon to report status.
[[0;32m  OK  [0m] Started LVM2 metadata daemon.
[[0;32m  OK  [0m] Started Create Static Device Nodes in /dev.
[[0;32m  OK  [0m] Started udev Coldplug all Devices.
[[0;32m  OK  [0m] Started File System Check on Root Device.
         Starting Remount Root and Kernel File Systems...
[   15.625164] iscsi: registered transport (tcp)
[   15.756004] EXT4-fs (sda1): re-mounted. Opts: (null)
[[0;32m  OK  [0m] Started Remount Root and Kernel File Systems.
         Starting udev Kernel Device Manager...
         Starting Load/Save Random Seed...
[[0;32m  OK  [0m] Started Journal Service.
         Starting Flush Journal to Persistent Storage...
[[0;32m  OK  [0m] Started Monitoring of LVM2 mirrors,…sing dmeventd or progress polling.
[[0;32m  OK  [0m] Started Load/Save Random Seed.
[   16.733586] systemd-journald[422]: Received request to flush runtime journal from PID 1
[[0;32m  OK  [0m] Started Flush Journal to Persistent Storage.
[[0;32m  OK  [0m] Started udev Kernel Device Manager.
[   18.432562] iscsi: registered transport (iser)
[[0;32m  OK  [0m] Started Load Kernel Modules.
         Starting Apply Kernel Variables...
         Mounting Kernel Configuration File System...
         Mounting FUSE Control File System...
[[0;32m  OK  [0m] Mounted Kernel Configuration File System.
[[0;32m  OK  [0m] Mounted FUSE Control File System.
[[0;32m  OK  [0m] Found device /dev/ttyS0.
[[0;32m  OK  [0m] Listening on Load/Save RF Kill Switch Status /dev/rfkill Watch.
[[0;32m  OK  [0m] Started Apply Kernel Variables.
[[0;32m  OK  [0m] Started Set the console keyboard layout.
[[0;32m  OK  [0m] Started Dispatch Password Requests to Console Directory Watch.
[[0;32m  OK  [0m] Reached target Local Encrypted Volumes.
[[0;32m  OK  [0m] Reached target Local File Systems (Pre).
[[0;32m  OK  [0m] Reached target Local File Systems.
         Starting Tell Plymouth To Write Out Runtime Data...
         Starting AppArmor initialization...
         Starting Commit a transient machine-id on disk...
         Starting Create Volatile Files and Directories...
         Starting ebtables ruleset management...
         Starting Set console font and keymap...
         Mounting Arbitrary Executable File Formats File System...
[[0;32m  OK  [0m] Started Tell Plymouth To Write Out Runtime Data.
[[0;32m  OK  [0m] Started Create Volatile Files and Directories.
         Starting Update UTMP about System Boot/Shutdown...
[[0;32m  OK  [0m] Started Commit a transient machine-id on disk.
[[0;32m  OK  [0m] Started Update UTMP about System Boot/Shutdown.
[[0;32m  OK  [0m] Mounted Arbitrary Executable File Formats File System.
[[0;32m  OK  [0m] Started ebtables ruleset management.
[[0;32m  OK  [0m] Started Set console font and keymap.
[[0;32m  OK  [0m] Started AppArmor initialization.
         Starting Load AppArmor profiles managed internally by snapd...
         Starting Initial cloud-init job (pre-networking)...
[[0;32m  OK  [0m] Started Load AppArmor profiles managed internally by snapd.
[   32.769520] cloud-init[772]: Cloud-init v. 22.3.4-0ubuntu1~18.04.1 running 'init-local' at Wed, 23 Nov 2022 04:05:27 +0000. Up 32.02 seconds.
[[0;32m  OK  [0m] Started Initial cloud-init job (pre-networking).
[[0;32m  OK  [0m] Reached target Network (Pre).
         Starting Network Service...
[[0;32m  OK  [0m] Started Network Service.
         Starting Wait for Network to be Configured...
         Starting Network Name Resolution...
[[0;32m  OK  [0m] Started Network Name Resolution.
[[0;32m  OK  [0m] Reached target Host and Network Name Lookups.
[[0;32m  OK  [0m] Reached target Network.
[[0;32m  OK  [0m] Started Wait for Network to be Configured.
         Starting Initial cloud-init job (metadata service crawler)...
[   37.311068] cloud-init[888]: Cloud-init v. 22.3.4-0ubuntu1~18.04.1 running 'init' at Wed, 23 Nov 2022 04:05:32 +0000. Up 36.92 seconds.
[   37.315186] cloud-init[888]: ci-info: ++++++++++++++++++++++++++++++++++++++Net device info++++++++++++++++++++++++++++++++++++++
[   37.318845] cloud-init[888]: ci-info: +--------+------+----------------------------+---------------+--------+-------------------+
[   37.322371] cloud-init[888]: ci-info: | Device |  Up  |          Address           |      Mask     | Scope  |     Hw-Address    |
[   37.325886] cloud-init[888]: ci-info: +--------+------+----------------------------+---------------+--------+-------------------+
[   37.329442] cloud-init[888]: ci-info: | enp0s3 | True |         10.0.2.15          | 255.255.255.0 | global | 02:a6:12:9f:2a:1a |
[   37.332964] cloud-init[888]: ci-info: | enp0s3 | True | fe80::a6:12ff:fe9f:2a1a/64 |       .       |  link  | 02:a6:12:9f:2a:1a |
[   37.336515] cloud-init[888]: ci-info: |   lo   | True |         127.0.0.1          |   255.0.0.0   |  host  |         .         |
[   37.340000] cloud-init[888]: ci-info: |   lo   | True |          ::1/128           |       .       |  host  |         .         |
[   37.343502] cloud-init[888]: ci-info: +--------+------+----------------------------+---------------+--------+-------------------+
[   37.347108] cloud-init[888]: ci-info: ++++++++++++++++++++++++++++Route IPv4 info+++++++++++++++++++++++++++++
[   37.350494] cloud-init[888]: ci-info: +-------+-------------+----------+-----------------+-----------+-------+
[   37.395066] cloud-init[888]: ci-info: | Route | Destination | Gateway  |     Genmask     | Interface | Flags |
[   37.398203] cloud-init[888]: ci-info: +-------+-------------+----------+-----------------+-----------+-------+
[   37.401359] cloud-init[888]: ci-info: |   0   |   0.0.0.0   | 10.0.2.2 |     0.0.0.0     |   enp0s3  |   UG  |
[   37.404571] cloud-init[888]: ci-info: |   1   |   10.0.2.0  | 0.0.0.0  |  255.255.255.0  |   enp0s3  |   U   |
[   37.407623] cloud-init[888]: ci-info: |   2   |   10.0.2.2  | 0.0.0.0  | 255.255.255.255 |   enp0s3  |   UH  |
[   37.410703] cloud-init[888]: ci-info: +-------+-------------+----------+-----------------+-----------+-------+
[   37.413748] cloud-init[888]: ci-info: +++++++++++++++++++Route IPv6 info+++++++++++++++++++
[   37.416408] cloud-init[888]: ci-info: +-------+-------------+---------+-----------+-------+
[   37.419014] cloud-init[888]: ci-info: | Route | Destination | Gateway | Interface | Flags |
[   37.421625] cloud-init[888]: ci-info: +-------+-------------+---------+-----------+-------+
[   37.424264] cloud-init[888]: ci-info: |   1   |  fe80::/64  |    ::   |   enp0s3  |   U   |
[   37.426987] cloud-init[888]: ci-info: |   3   |    local    |    ::   |   enp0s3  |   U   |
[   37.429645] cloud-init[888]: ci-info: |   4   |   ff00::/8  |    ::   |   enp0s3  |   U   |
[   37.432286] cloud-init[888]: ci-info: +-------+-------------+---------+-----------+-------+
[   38.992175] cloud-init[888]: Generating public/private rsa key pair.
[   38.994512] cloud-init[888]: Your identification has been saved in /etc/ssh/ssh_host_rsa_key.
[   38.997271] cloud-init[888]: Your public key has been saved in /etc/ssh/ssh_host_rsa_key.pub.
[   38.999961] cloud-init[888]: The key fingerprint is:
[   39.001744] cloud-init[888]: SHA256:O+IciJsYEX0lPZ/yERjgk5ZzrxXDMeE5f2RMi3gvjT4 root@ubuntu-bionic
[   39.004660] cloud-init[888]: The key's randomart image is:
[   39.039343] cloud-init[888]: +---[RSA 2048]----+
[   39.041019] cloud-init[888]: |    oooo+.  .    |
[   39.042663] cloud-init[888]: | . . =+o.= + .   |
[   39.044295] cloud-init[888]: |. . O .oOoo =    |
[   39.046671] cloud-init[888]: | . o +..+* *     |
[   39.048383] cloud-init[888]: |.      oS.+ +    |
[   39.050662] cloud-init[888]: | . . . o.o o     |
[   39.053686] cloud-init[888]: |. . . + o E      |
[   39.055404] cloud-init[888]: | o o o o . .     |
[   39.057256] cloud-init[888]: |. o   o          |
[   39.059056] cloud-init[888]: +----[SHA256]-----+
[   39.068824] cloud-init[888]: Generating public/private dsa key pair.
[   39.071256] cloud-init[888]: Your identification has been saved in /etc/ssh/ssh_host_dsa_key.
[   39.074393] cloud-init[888]: Your public key has been saved in /etc/ssh/ssh_host_dsa_key.pub.
[   39.077899] cloud-init[888]: The key fingerprint is:
[   39.079802] cloud-init[888]: SHA256:VEAijyOKlg+DUSBv6IRJFAsWXy8y6Up6iObvn52AuN4 root@ubuntu-bionic
[   39.084226] cloud-init[888]: The key's randomart image is:
[   39.086353] cloud-init[888]: +---[DSA 1024]----+
[   39.088686] cloud-init[888]: |=B+ ....o..      |
[   39.090505] cloud-init[888]: |*=o o+.. .       |
[   39.092328] cloud-init[888]: |=o+=o....        |
[   39.094514] cloud-init[888]: |=+o.o...         |
[   39.096414] cloud-init[888]: [[0;32m  OK  [0m] Started Initial cloud-init job (metadata service crawler).
[[0;32m  OK  [0m] Reached target Cloud-config availability.
[[0;32m  OK  [0m] Reached target System Initialization.
[[0;32m  OK  [0m] Started Message of the Day.
|+B .    S        |
[   39.140444] cloud-init[888]: |=.* .            |
[   39.142072] cloud-init[888]: |++.o .           |
[   39.143704] cloud-init[888]: |o.o   + .        |
[   39.145556] cloud-init[888]: |.+oE.o o         |
[   39.147200] cloud-init[888]: +----[SHA256]-----+
[   39.149404] cloud-init[888]: Generating public/private ecdsa key pair.
[   39.151598] cloud-init[888]: Your identification has been saved in /etc/ssh/ssh_host_ecdsa_key.
[   39.154454] cloud-init[888]: Your public key has been saved in /etc/ssh/ssh_host_ecdsa_key.pub.
[   39.157568] cloud-init[888]: The key fingerprint is:
[   39.159246] cloud-init[888]: SHA256:eBAYjjvFKJxGRDtrwQaEu+3vaLnVrMU7OTffiB3DJoQ root@ubuntu-bionic
[   39.162165] cloud-init[888]: The key's randomart image is:
[   39.163987] cloud-init[888]: +---[ECDSA 256]---+
[   39.166047] cloud-init[888]: |*=  .o.          |
[   39.167640] cloud-init[888]: |* o=.  .         |
[   39.169283] cloud-init[888]: |.@o + .          |
[   39.170909] cloud-init[888]: |+.+o   +         |
[   39.172937] cloud-init[888]: | =o   E S        |
[   39.174555] cloud-init[888]: |o .. + o .       |
[   39.176181] cloud-init[888]: | . .. =.. =      |
[   39.177774] cloud-init[888]: |  +o o+.o= =     |
[   39.179381] cloud-init[888]: | .o++ .+.o+ .    |
[   39.188714] cloud-init[888]: +----[SHA256]-----+
[   39.190406] cloud-init[888]: Generating public/private ed25519 key pair.
[   39.192952] cloud-init[888]: Your identification has been saved in /etc/ssh/ssh_host_ed25519_key.
[   39.195702] cloud-init[888]: Your public key has been saved in /etc/ssh/ssh_host_ed25519_key.pub.
[   39.198476] cloud-init[888]: The key fingerprint is:
[   39.200624] cloud-init[888]: SHA256:dri7jmX0H3m9rzirc/HvplBMxZdVRgrBBp/E0BPgRdU root@ubuntu-bionic
[   39.203410] cloud-init[888]: The key's randomart image is:
[   39.205313] cloud-init[888]: +--[ED25519 256]--+
[   39.206930] cloud-init[888]: |          +OB+.+X|
[   39.208982] cloud-init[888]: |         . +*o =E|
[   39.210630] cloud-init[888]: |          ..o.o .|
[   39.212291] cloud-init[888]: |         .   o   |
[   39.213903] cloud-init[888]: |        S .   o  |
[   39.215646] cloud-init[888]: |       o +  .o . |
[   39.217718] cloud-init[888]: |        + . +o. .|
[   39.219364] cloud-init[888]: |       + ...o=. o|
[   39.221012] cloud-init[888]: |      ..+..++ooB=|
[   39.222600] cloud-init[888]: +----[SHA256]-----+
[[0;32m  OK  [0m] Started ACPI Events Check.
[[0;32m  OK  [0m] Listening on ACPID Listen Socket.
         Starting LXD - unix socket.
[[0;32m  OK  [0m] Started Discard unused blocks once a week.
[[0;32m  OK  [0m] Listening on D-Bus System Message Bus Socket.
[[0;32m  OK  [0m] Started Daily apt download activities.
[[0;32m  OK  [0m] Listening on UUID daemon activation socket.
[[0;32m  OK  [0m] Reached target Paths.
[[0;32m  OK  [0m] Started Daily apt upgrade and clean activities.
[[0;32m  OK  [0m] Listening on cloud-init hotplug hook socket.
[[0;32m  OK  [0m] Started Ubuntu Advantage Timer for running repeated jobs.
[[0;32m  OK  [0m] Started Daily Cleanup of Temporary Directories.
[[0;32m  OK  [0m] Reached target Timers.
         Starting Socket activation for snappy daemon.
[[0;32m  OK  [0m] Listening on Open-iSCSI iscsid Socket.
[[0;32m  OK  [0m] Reached target Network is Online.
[[0;32m  OK  [0m] Reached target Remote File Systems (Pre).
[[0;32m  OK  [0m] Reached target Remote File Systems.
         Starting Availability of block devices...
[[0;32m  OK  [0m] Listening on LXD - unix socket.
[[0;32m  OK  [0m] Listening on Socket activation for snappy daemon.
[[0;32m  OK  [0m] Reached target Sockets.
[[0;32m  OK  [0m] Reached target Basic System.
         Starting Dispatcher daemon for systemd-networkd...
         Starting Login Service...
         Starting Permit User Sessions...
[[0;32m  OK  [0m] Started irqbalance daemon.
         Starting Virtualbox guest utils...
         Starting Accounts Service...
         Starting System Logging Service...
[[0;32m  OK  [0m] Started Deferred execution scheduler.
[[0;32m  OK  [0m] Started FUSE filesystem for LXC.
[[0;32m  OK  [0m] Started D-Bus System Message Bus.
         Starting LSB: Record successful boot for GRUB...
         Starting LXD - container startup/shutdown...
[[0;32m  OK  [0m] Reached target Login Prompts (Pre).
[[0;32m  OK  [0m] Started Regular background program processing daemon.
         Starting LSB: automatic crash report generation...
         Starting Snap Daemon...
         Starting Pollinate to seed the pseudo random number generator...
[[0;32m  OK  [0m] Started System Logging Service.
[[0;32m  OK  [0m] Started Dispatcher daemon for systemd-networkd.
[[0;32m  OK  [0m] Started Availability of block devices.
[[0;32m  OK  [0m] Started Permit User Sessions.
[[0;32m  OK  [0m] Started Login Service.
[[0;32m  OK  [0m] Started Unattended Upgrades Shutdown.
         Starting Authorization Manager...
         Starting Hold until boot process finishes up...
         Starting Terminate Plymouth Boot Screen...
[[0;32m  OK  [0m] Started Hold until boot process finishes up.
[[0;32m  OK  [0m] Started Serial Getty on ttyS0.
         Starting Set console scheme...
[[0;32m  OK  [0m] Started Terminate Plymouth Boot Screen.
[[0;32m  OK  [0m] Started LSB: automatic crash report generation.
[[0;32m  OK  [0m] Started Set console scheme.
[[0;32m  OK  [0m] Created slice system-getty.slice.
[[0;32m  OK  [0m] Started Getty on tty1.
[[0;32m  OK  [0m] Reached target Login Prompts.
[[0;32m  OK  [0m] Started LSB: Record successful boot for GRUB.
[[0;32m  OK  [0m] Started Virtualbox guest utils.
[[0;32m  OK  [0m] Started Authorization Manager.
[[0;32m  OK  [0m] Started Accounts Service.
[[0;32m  OK  [0m] Started LXD - container startup/shutdown.
[[0;32m  OK  [0m] Started Snap Daemon.
         Starting Wait until snapd is fully seeded...
         Starting Time & Date Service...
[[0;32m  OK  [0m] Started Pollinate to seed the pseudo random number generator.
         Starting OpenBSD Secure Shell server...
[[0;32m  OK  [0m] Started OpenBSD Secure Shell server.

Ubuntu 18.04.6 LTS ubuntu-bionic ttyS0

ubuntu-bionic login: [   53.000341] cloud-init[1700]: Cloud-init v. 22.3.4-0ubuntu1~18.04.1 running 'modules:config' at Wed, 23 Nov 2022 04:05:47 +0000. Up 52.24 seconds.
ci-info: no authorized SSH keys fingerprints found for user ubuntu.
<14>Nov 23 04:05:49 cloud-init: #############################################################
<14>Nov 23 04:05:49 cloud-init: -----BEGIN SSH HOST KEY FINGERPRINTS-----
<14>Nov 23 04:05:49 cloud-init: 1024 SHA256:VEAijyOKlg+DUSBv6IRJFAsWXy8y6Up6iObvn52AuN4 root@ubuntu-bionic (DSA)
<14>Nov 23 04:05:49 cloud-init: 256 SHA256:eBAYjjvFKJxGRDtrwQaEu+3vaLnVrMU7OTffiB3DJoQ root@ubuntu-bionic (ECDSA)
<14>Nov 23 04:05:49 cloud-init: 256 SHA256:dri7jmX0H3m9rzirc/HvplBMxZdVRgrBBp/E0BPgRdU root@ubuntu-bionic (ED25519)
<14>Nov 23 04:05:49 cloud-init: 2048 SHA256:O+IciJsYEX0lPZ/yERjgk5ZzrxXDMeE5f2RMi3gvjT4 root@ubuntu-bionic (RSA)
<14>Nov 23 04:05:49 cloud-init: -----END SSH HOST KEY FINGERPRINTS-----
<14>Nov 23 04:05:49 cloud-init: #############################################################
-----BEGIN SSH HOST KEY KEYS-----
ecdsa-sha2-nistp256 AAAAE2VjZHNhLXNoYTItbmlzdHAyNTYAAAAIbmlzdHAyNTYAAABBBBTmZlT5obhYBT78yCrA8ua7utsOoGAYeaHRpnwUJJZMT07K9/hX1OfSwyfDnilVP44evvr7CmCFxrwpevX5jqA= root@ubuntu-bionic
ssh-ed25519 AAAAC3NzaC1lZDI1NTE5AAAAIOYGlwRdG1eGfVuiR9YoWRFdmeSAtrkIhVPIj6OWnX6g root@ubuntu-bionic
ssh-rsa AAAAB3NzaC1yc2EAAAADAQABAAABAQC51F6gmkAarppGkZBTc9a4I2G5lA0o6ajmB7zQ2sAkXuJu6HSuHQJStXQXYpnO/mcXmqAdpYLuVHUZAtN0rQ0MxutagG5ByPu8SvVkZy1rtoYPMSYUj+YrIe0ppqlrXPDrafuwO8Wtv3zE/AlquisTa2GxaFNf4u2WLMK5vSmzHFa8Z8bJuQf1srAsKZnZTftzy9V4bBSf3Xa044EQ6rVlhkxdpeBW/L7Oa1sKKyPSgx1Bf4Eai7NsBIvGgnYZf1PEcftLSBkgXiKPdZh9yqbAJdcUB/kSwv/tl1+bqNYU32wVl6g9NM5Cz6Q1tq9NX7YCneVGchqU92WSvIv8sgbv root@ubuntu-bionic
-----END SSH HOST KEY KEYS-----
[   54.490119] cloud-init[1755]: Cloud-init v. 22.3.4-0ubuntu1~18.04.1 running 'modules:final' at Wed, 23 Nov 2022 04:05:49 +0000. Up 54.15 seconds.
[   54.493692] cloud-init[1755]: Cloud-init v. 22.3.4-0ubuntu1~18.04.1 finished at Wed, 23 Nov 2022 04:05:49 +0000. Datasource DataSourceNoCloud [seed=/dev/sdb][dsmode=net].  Up 54.45 seconds
